# JRE version: OpenJDK Runtime Environment (8.0_152-b01) (build 1.8.0_152-release-915-b01)
# Java VM: OpenJDK 64-Bit Server VM (25.152-b01 mixed mode windows-amd64 compressed oops)
Heap:
 PSYoungGen      total 267264K, used 207608K [0x000000076ab00000, 0x0000000788580000, 0x00000007c0000000)
  eden space 216064K, 72% used [0x000000076ab00000,0x00000007743c4228,0x0000000777e00000)
  from space 51200K, 99% used [0x0000000777e00000,0x000000077aff9df0,0x000000077b000000)
  to   space 67072K, 0% used [0x0000000784400000,0x0000000784400000,0x0000000788580000)
 ParOldGen       total 119296K, used 78580K [0x00000006c0000000, 0x00000006c7480000, 0x000000076ab00000)
  object space 119296K, 65% used [0x00000006c0000000,0x00000006c4cbd308,0x00000006c7480000)
 Metaspace       used 6409K, capacity 7224K, committed 7296K, reserved 1056768K
  class space    used 607K, capacity 624K, committed 640K, reserved 1048576K
GC Heap History (10 events):
Event: 4.629 GC heap before
{Heap before GC invocations=5 (full 1):
 PSYoungGen      total 138240K, used 5106K [0x000000076ab00000, 0x0000000773700000, 0x00000007c0000000)
  eden space 133120K, 0% used [0x000000076ab00000,0x000000076ab00000,0x0000000772d00000)
  from space 5120K, 99% used [0x0000000773200000,0x00000007736fcab8,0x0000000773700000)
  to   space 5120K, 0% used [0x0000000772d00000,0x0000000772d00000,0x0000000773200000)
 ParOldGen       total 87552K, used 77341K [0x00000006c0000000, 0x00000006c5580000, 0x000000076ab00000)
  object space 87552K, 88% used [0x00000006c0000000,0x00000006c4b87738,0x00000006c5580000)
 Metaspace       used 5924K, capacity 6960K, committed 7040K, reserved 1056768K
  class space    used 579K, capacity 616K, committed 640K, reserved 1048576K
Event: 4.982 GC heap after
Heap after GC invocations=5 (full 1):
 PSYoungGen      total 138240K, used 0K [0x000000076ab00000, 0x0000000773700000, 0x00000007c0000000)
  eden space 133120K, 0% used [0x000000076ab00000,0x000000076ab00000,0x0000000772d00000)
  from space 5120K, 0% used [0x0000000773200000,0x0000000773200000,0x0000000773700000)
  to   space 5120K, 0% used [0x0000000772d00000,0x0000000772d00000,0x0000000773200000)
 ParOldGen       total 87552K, used 59077K [0x00000006c0000000, 0x00000006c5580000, 0x000000076ab00000)
  object space 87552K, 67% used [0x00000006c0000000,0x00000006c39b1580,0x00000006c5580000)
 Metaspace       used 5924K, capacity 6960K, committed 7040K, reserved 1056768K
  class space    used 579K, capacity 616K, committed 640K, reserved 1048576K
}
Event: 5.345 GC heap before
{Heap before GC invocations=6 (full 2):
 PSYoungGen      total 138240K, used 133120K [0x000000076ab00000, 0x0000000773700000, 0x00000007c0000000)
  eden space 133120K, 100% used [0x000000076ab00000,0x0000000772d00000,0x0000000772d00000)
  from space 5120K, 0% used [0x0000000773200000,0x0000000773200000,0x0000000773700000)
  to   space 5120K, 0% used [0x0000000772d00000,0x0000000772d00000,0x0000000773200000)
 ParOldGen       total 87552K, used 59077K [0x00000006c0000000, 0x00000006c5580000, 0x000000076ab00000)
  object space 87552K, 67% used [0x00000006c0000000,0x00000006c39b1580,0x00000006c5580000)
 Metaspace       used 5952K, capacity 6960K, committed 7040K, reserved 1056768K
  class space    used 580K, capacity 616K, committed 640K, reserved 1048576K
Event: 5.493 GC heap after
Heap after GC invocations=6 (full 2):
 PSYoungGen      total 138240K, used 0K [0x000000076ab00000, 0x0000000773700000, 0x00000007c0000000)
  eden space 133120K, 0% used [0x000000076ab00000,0x000000076ab00000,0x0000000772d00000)
  from space 5120K, 0% used [0x0000000773200000,0x0000000773200000,0x0000000773700000)
  to   space 5120K, 0% used [0x0000000772d00000,0x0000000772d00000,0x0000000773200000)
 ParOldGen       total 119296K, used 34727K [0x00000006c0000000, 0x00000006c7480000, 0x000000076ab00000)
  object space 119296K, 29% used [0x00000006c0000000,0x00000006c21e9e88,0x00000006c7480000)
 Metaspace       used 5952K, capacity 6960K, committed 7040K, reserved 1056768K
  class space    used 580K, capacity 616K, committed 640K, reserved 1048576K
}
Event: 6.877 GC heap before
{Heap before GC invocations=7 (full 2):
 PSYoungGen      total 138240K, used 133120K [0x000000076ab00000, 0x0000000773700000, 0x00000007c0000000)
  eden space 133120K, 100% used [0x000000076ab00000,0x0000000772d00000,0x0000000772d00000)
  from space 5120K, 0% used [0x0000000773200000,0x0000000773200000,0x0000000773700000)
  to   space 5120K, 0% used [0x0000000772d00000,0x0000000772d00000,0x0000000773200000)
 ParOldGen       total 119296K, used 34727K [0x00000006c0000000, 0x00000006c7480000, 0x000000076ab00000)
  object space 119296K, 29% used [0x00000006c0000000,0x00000006c21e9e88,0x00000006c7480000)
 Metaspace       used 6148K, capacity 7090K, committed 7296K, reserved 1056768K
  class space    used 599K, capacity 618K, committed 640K, reserved 1048576K
Event: 7.011 GC heap after
Heap after GC invocations=7 (full 2):
 PSYoungGen      total 138240K, used 5117K [0x000000076ab00000, 0x000000077d880000, 0x00000007c0000000)
  eden space 133120K, 0% used [0x000000076ab00000,0x000000076ab00000,0x0000000772d00000)
  from space 5120K, 99% used [0x0000000772d00000,0x00000007731ff770,0x0000000773200000)
  to   space 41472K, 0% used [0x000000077b000000,0x000000077b000000,0x000000077d880000)
 ParOldGen       total 119296K, used 57758K [0x00000006c0000000, 0x00000006c7480000, 0x000000076ab00000)
  object space 119296K, 48% used [0x00000006c0000000,0x00000006c3867860,0x00000006c7480000)
 Metaspace       used 6148K, capacity 7090K, committed 7296K, reserved 1056768K
  class space    used 599K, capacity 618K, committed 640K, reserved 1048576K
}
Event: 7.378 GC heap before
{Heap before GC invocations=8 (full 2):
 PSYoungGen      total 138240K, used 138237K [0x000000076ab00000, 0x000000077d880000, 0x00000007c0000000)
  eden space 133120K, 100% used [0x000000076ab00000,0x0000000772d00000,0x0000000772d00000)
  from space 5120K, 99% used [0x0000000772d00000,0x00000007731ff770,0x0000000773200000)
  to   space 41472K, 0% used [0x000000077b000000,0x000000077b000000,0x000000077d880000)
 ParOldGen       total 119296K, used 57758K [0x00000006c0000000, 0x00000006c7480000, 0x000000076ab00000)
  object space 119296K, 48% used [0x00000006c0000000,0x00000006c3867860,0x00000006c7480000)
 Metaspace       used 6197K, capacity 7090K, committed 7296K, reserved 1056768K
  class space    used 599K, capacity 618K, committed 640K, reserved 1048576K
Event: 7.451 GC heap after
Heap after GC invocations=8 (full 2):
 PSYoungGen      total 257536K, used 41444K [0x000000076ab00000, 0x000000077e700000, 0x00000007c0000000)
  eden space 216064K, 0% used [0x000000076ab00000,0x000000076ab00000,0x0000000777e00000)
  from space 41472K, 99% used [0x000000077b000000,0x000000077d8790d0,0x000000077d880000)
  to   space 51200K, 0% used [0x0000000777e00000,0x0000000777e00000,0x000000077b000000)
 ParOldGen       total 119296K, used 63120K [0x00000006c0000000, 0x00000006c7480000, 0x000000076ab00000)
  object space 119296K, 52% used [0x00000006c0000000,0x00000006c3da42b0,0x00000006c7480000)
 Metaspace       used 6197K, capacity 7090K, committed 7296K, reserved 1056768K
  class space    used 599K, capacity 618K, committed 640K, reserved 1048576K
}
Event: 8.511 GC heap before
{Heap before GC invocations=9 (full 2):
 PSYoungGen      total 257536K, used 257508K [0x000000076ab00000, 0x000000077e700000, 0x00000007c0000000)
  eden space 216064K, 100% used [0x000000076ab00000,0x0000000777e00000,0x0000000777e00000)
  from space 41472K, 99% used [0x000000077b000000,0x000000077d8790d0,0x000000077d880000)
  to   space 51200K, 0% used [0x0000000777e00000,0x0000000777e00000,0x000000077b000000)
 ParOldGen       total 119296K, used 63120K [0x00000006c0000000, 0x00000006c7480000, 0x000000076ab00000)
  object space 119296K, 52% used [0x00000006c0000000,0x00000006c3da42b0,0x00000006c7480000)
 Metaspace       used 6284K, capacity 7154K, committed 7296K, reserved 1056768K
  class space    used 600K, capacity 618K, committed 640K, reserved 1048576K
Event: 8.720 GC heap after
Heap after GC invocations=9 (full 2):
 PSYoungGen      total 267264K, used 51175K [0x000000076ab00000, 0x0000000788580000, 0x00000007c0000000)
  eden space 216064K, 0% used [0x000000076ab00000,0x000000076ab00000,0x0000000777e00000)
  from space 51200K, 99% used [0x0000000777e00000,0x000000077aff9df0,0x000000077b000000)
  to   space 67072K, 0% used [0x0000000784400000,0x0000000784400000,0x0000000788580000)
 ParOldGen       total 119296K, used 78580K [0x00000006c0000000, 0x00000006c7480000, 0x000000076ab00000)
  object space 119296K, 65% used [0x00000006c0000000,0x00000006c4cbd308,0x00000006c7480000)
 Metaspace       used 6284K, capacity 7154K, committed 7296K, reserved 1056768K
  class space    used 600K, capacity 618K, committed 640K, reserved 1048576K
}

