# JRE version: OpenJDK Runtime Environment (8.0_152-b01) (build 1.8.0_152-release-915-b01)
# Java VM: OpenJDK 64-Bit Server VM (25.152-b01 mixed mode windows-amd64 compressed oops)
Heap:
 PSYoungGen      total 903168K, used 66092K [0x000000076ab00000, 0x00000007b0b00000, 0x00000007c0000000)
  eden space 673792K, 0% used [0x000000076ab00000,0x000000076ab00000,0x0000000793d00000)
  from space 229376K, 28% used [0x00000007a2380000,0x00000007a640b240,0x00000007b0380000)
  to   space 236032K, 0% used [0x0000000793d00000,0x0000000793d00000,0x00000007a2380000)
 ParOldGen       total 581632K, used 581570K [0x00000006c0000000, 0x00000006f5b80000, 0x000000076ab00000)
  object space 581632K, 99% used [0x00000006c0000000,0x00000006e37f0a78,0x00000006e3800000)
 Metaspace       used 6588K, capacity 7284K, committed 7552K, reserved 1056768K
  class space    used 604K, capacity 620K, committed 640K, reserved 1048576K
GC Heap History (10 events):
Event: 4.387 GC heap after
Heap after GC invocations=15 (full 2):
 PSYoungGen      total 659456K, used 69453K [0x000000076ab00000, 0x00000007a2c00000, 0x00000007c0000000)
  eden space 493568K, 0% used [0x000000076ab00000,0x000000076ab00000,0x0000000788d00000)
  from space 165888K, 41% used [0x0000000788d00000,0x000000078d0d3560,0x0000000792f00000)
  to   space 159232K, 0% used [0x0000000799080000,0x0000000799080000,0x00000007a2c00000)
 ParOldGen       total 361472K, used 359360K [0x00000006c0000000, 0x00000006d6100000, 0x000000076ab00000)
  object space 361472K, 99% used [0x00000006c0000000,0x00000006d5ef0198,0x00000006d6100000)
 Metaspace       used 6579K, capacity 7284K, committed 7552K, reserved 1056768K
  class space    used 603K, capacity 620K, committed 640K, reserved 1048576K
}
Event: 4.387 GC heap before
{Heap before GC invocations=16 (full 3):
 PSYoungGen      total 659456K, used 69453K [0x000000076ab00000, 0x00000007a2c00000, 0x00000007c0000000)
  eden space 493568K, 0% used [0x000000076ab00000,0x000000076ab00000,0x0000000788d00000)
  from space 165888K, 41% used [0x0000000788d00000,0x000000078d0d3560,0x0000000792f00000)
  to   space 159232K, 0% used [0x0000000799080000,0x0000000799080000,0x00000007a2c00000)
 ParOldGen       total 361472K, used 359360K [0x00000006c0000000, 0x00000006d6100000, 0x000000076ab00000)
  object space 361472K, 99% used [0x00000006c0000000,0x00000006d5ef0198,0x00000006d6100000)
 Metaspace       used 6579K, capacity 7284K, committed 7552K, reserved 1056768K
  class space    used 603K, capacity 620K, committed 640K, reserved 1048576K
Event: 5.613 GC heap after
Heap after GC invocations=16 (full 3):
 PSYoungGen      total 659456K, used 57755K [0x000000076ab00000, 0x00000007a2c00000, 0x00000007c0000000)
  eden space 493568K, 0% used [0x000000076ab00000,0x000000076ab00000,0x0000000788d00000)
  from space 165888K, 34% used [0x0000000788d00000,0x000000078c566f08,0x0000000792f00000)
  to   space 159232K, 0% used [0x0000000799080000,0x0000000799080000,0x00000007a2c00000)
 ParOldGen       total 581632K, used 361404K [0x00000006c0000000, 0x00000006e3800000, 0x000000076ab00000)
  object space 581632K, 62% used [0x00000006c0000000,0x00000006d60ef0f0,0x00000006e3800000)
 Metaspace       used 6579K, capacity 7284K, committed 7552K, reserved 1056768K
  class space    used 603K, capacity 620K, committed 640K, reserved 1048576K
}
Event: 6.043 GC heap before
{Heap before GC invocations=17 (full 3):
 PSYoungGen      total 659456K, used 551323K [0x000000076ab00000, 0x00000007a2c00000, 0x00000007c0000000)
  eden space 493568K, 100% used [0x000000076ab00000,0x0000000788d00000,0x0000000788d00000)
  from space 165888K, 34% used [0x0000000788d00000,0x000000078c566f08,0x0000000792f00000)
  to   space 159232K, 0% used [0x0000000799080000,0x0000000799080000,0x00000007a2c00000)
 ParOldGen       total 581632K, used 361404K [0x00000006c0000000, 0x00000006e3800000, 0x000000076ab00000)
  object space 581632K, 62% used [0x00000006c0000000,0x00000006d60ef0f0,0x00000006e3800000)
 Metaspace       used 6580K, capacity 7284K, committed 7552K, reserved 1056768K
  class space    used 603K, capacity 620K, committed 640K, reserved 1048576K
Event: 6.159 GC heap after
Heap after GC invocations=17 (full 3):
 PSYoungGen      total 735232K, used 140567K [0x000000076ab00000, 0x00000007a3c80000, 0x00000007c0000000)
  eden space 576000K, 0% used [0x000000076ab00000,0x000000076ab00000,0x000000078dd80000)
  from space 159232K, 88% used [0x0000000799080000,0x00000007a19c5e78,0x00000007a2c00000)
  to   space 179712K, 0% used [0x000000078dd80000,0x000000078dd80000,0x0000000798d00000)
 ParOldGen       total 581632K, used 361404K [0x00000006c0000000, 0x00000006e3800000, 0x000000076ab00000)
  object space 581632K, 62% used [0x00000006c0000000,0x00000006d60ef0f0,0x00000006e3800000)
 Metaspace       used 6580K, capacity 7284K, committed 7552K, reserved 1056768K
  class space    used 603K, capacity 620K, committed 640K, reserved 1048576K
}
Event: 6.638 GC heap before
{Heap before GC invocations=18 (full 3):
 PSYoungGen      total 735232K, used 716567K [0x000000076ab00000, 0x00000007a3c80000, 0x00000007c0000000)
  eden space 576000K, 100% used [0x000000076ab00000,0x000000078dd80000,0x000000078dd80000)
  from space 159232K, 88% used [0x0000000799080000,0x00000007a19c5e78,0x00000007a2c00000)
  to   space 179712K, 0% used [0x000000078dd80000,0x000000078dd80000,0x0000000798d00000)
 ParOldGen       total 581632K, used 361404K [0x00000006c0000000, 0x00000006e3800000, 0x000000076ab00000)
  object space 581632K, 62% used [0x00000006c0000000,0x00000006d60ef0f0,0x00000006e3800000)
 Metaspace       used 6584K, capacity 7284K, committed 7552K, reserved 1056768K
  class space    used 604K, capacity 620K, committed 640K, reserved 1048576K
Event: 6.748 GC heap after
Heap after GC invocations=18 (full 3):
 PSYoungGen      total 755712K, used 179700K [0x000000076ab00000, 0x00000007b0380000, 0x00000007c0000000)
  eden space 576000K, 0% used [0x000000076ab00000,0x000000076ab00000,0x000000078dd80000)
  from space 179712K, 99% used [0x000000078dd80000,0x0000000798cfd230,0x0000000798d00000)
  to   space 229376K, 0% used [0x00000007a2380000,0x00000007a2380000,0x00000007b0380000)
 ParOldGen       total 581632K, used 414192K [0x00000006c0000000, 0x00000006e3800000, 0x000000076ab00000)
  object space 581632K, 71% used [0x00000006c0000000,0x00000006d947c090,0x00000006e3800000)
 Metaspace       used 6584K, capacity 7284K, committed 7552K, reserved 1056768K
  class space    used 604K, capacity 620K, committed 640K, reserved 1048576K
}
Event: 7.946 GC heap before
{Heap before GC invocations=19 (full 3):
 PSYoungGen      total 755712K, used 755700K [0x000000076ab00000, 0x00000007b0380000, 0x00000007c0000000)
  eden space 576000K, 100% used [0x000000076ab00000,0x000000078dd80000,0x000000078dd80000)
  from space 179712K, 99% used [0x000000078dd80000,0x0000000798cfd230,0x0000000798d00000)
  to   space 229376K, 0% used [0x00000007a2380000,0x00000007a2380000,0x00000007b0380000)
 ParOldGen       total 581632K, used 414192K [0x00000006c0000000, 0x00000006e3800000, 0x000000076ab00000)
  object space 581632K, 71% used [0x00000006c0000000,0x00000006d947c090,0x00000006e3800000)
 Metaspace       used 6588K, capacity 7284K, committed 7552K, reserved 1056768K
  class space    used 604K, capacity 620K, committed 640K, reserved 1048576K
Event: 8.075 GC heap after
Heap after GC invocations=19 (full 3):
 PSYoungGen      total 903168K, used 140308K [0x000000076ab00000, 0x00000007b0b00000, 0x00000007c0000000)
  eden space 673792K, 0% used [0x000000076ab00000,0x000000076ab00000,0x0000000793d00000)
  from space 229376K, 61% used [0x00000007a2380000,0x00000007aac852f8,0x00000007b0380000)
  to   space 236032K, 0% used [0x0000000793d00000,0x0000000793d00000,0x00000007a2380000)
 ParOldGen       total 581632K, used 517063K [0x00000006c0000000, 0x00000006e3800000, 0x000000076ab00000)
  object space 581632K, 88% used [0x00000006c0000000,0x00000006df8f1fc0,0x00000006e3800000)
 Metaspace       used 6588K, capacity 7284K, committed 7552K, reserved 1056768K
  class space    used 604K, capacity 620K, committed 640K, reserved 1048576K
}
Event: 8.075 GC heap before
{Heap before GC invocations=20 (full 4):
 PSYoungGen      total 903168K, used 140308K [0x000000076ab00000, 0x00000007b0b00000, 0x00000007c0000000)
  eden space 673792K, 0% used [0x000000076ab00000,0x000000076ab00000,0x0000000793d00000)
  from space 229376K, 61% used [0x00000007a2380000,0x00000007aac852f8,0x00000007b0380000)
  to   space 236032K, 0% used [0x0000000793d00000,0x0000000793d00000,0x00000007a2380000)
 ParOldGen       total 581632K, used 517063K [0x00000006c0000000, 0x00000006e3800000, 0x000000076ab00000)
  object space 581632K, 88% used [0x00000006c0000000,0x00000006df8f1fc0,0x00000006e3800000)
 Metaspace       used 6588K, capacity 7284K, committed 7552K, reserved 1056768K
  class space    used 604K, capacity 620K, committed 640K, reserved 1048576K

