# JRE version: OpenJDK Runtime Environment (8.0_152-b01) (build 1.8.0_152-release-915-b01)
# Java VM: OpenJDK 64-Bit Server VM (25.152-b01 mixed mode windows-amd64 compressed oops)
Heap:
 PSYoungGen      total 310272K, used 159560K [0x000000076ab00000, 0x0000000783f80000, 0x00000007c0000000)
  eden space 249344K, 63% used [0x000000076ab00000,0x00000007746d2088,0x0000000779e80000)
  from space 60928K, 0% used [0x0000000780400000,0x0000000780400000,0x0000000783f80000)
  to   space 46592K, 0% used [0x0000000779e80000,0x0000000779e80000,0x000000077cc00000)
 ParOldGen       total 278528K, used 134554K [0x00000006c0000000, 0x00000006d1000000, 0x000000076ab00000)
  object space 278528K, 48% used [0x00000006c0000000,0x00000006c8366928,0x00000006d1000000)
 Metaspace       used 6354K, capacity 7224K, committed 7296K, reserved 1056768K
  class space    used 605K, capacity 624K, committed 640K, reserved 1048576K
GC Heap History (10 events):
Event: 6.059 GC heap before
{Heap before GC invocations=7 (full 1):
 PSYoungGen      total 138240K, used 133120K [0x000000076ab00000, 0x0000000780c00000, 0x00000007c0000000)
  eden space 133120K, 100% used [0x000000076ab00000,0x0000000772d00000,0x0000000772d00000)
  from space 5120K, 0% used [0x0000000772d00000,0x0000000772d00000,0x0000000773200000)
  to   space 47616K, 0% used [0x000000077dd80000,0x000000077dd80000,0x0000000780c00000)
 ParOldGen       total 134656K, used 44703K [0x00000006c0000000, 0x00000006c8380000, 0x000000076ab00000)
  object space 134656K, 33% used [0x00000006c0000000,0x00000006c2ba7d60,0x00000006c8380000)
 Metaspace       used 6110K, capacity 7026K, committed 7296K, reserved 1056768K
  class space    used 596K, capacity 618K, committed 640K, reserved 1048576K
Event: 6.074 GC heap after
Heap after GC invocations=7 (full 1):
 PSYoungGen      total 229888K, used 28264K [0x000000076ab00000, 0x000000077f980000, 0x00000007c0000000)
  eden space 201216K, 0% used [0x000000076ab00000,0x000000076ab00000,0x0000000776f80000)
  from space 28672K, 98% used [0x000000077dd80000,0x000000077f91a280,0x000000077f980000)
  to   space 46592K, 0% used [0x0000000779e80000,0x0000000779e80000,0x000000077cc00000)
 ParOldGen       total 134656K, used 44703K [0x00000006c0000000, 0x00000006c8380000, 0x000000076ab00000)
  object space 134656K, 33% used [0x00000006c0000000,0x00000006c2ba7d60,0x00000006c8380000)
 Metaspace       used 6110K, capacity 7026K, committed 7296K, reserved 1056768K
  class space    used 596K, capacity 618K, committed 640K, reserved 1048576K
}
Event: 8.112 GC heap before
{Heap before GC invocations=8 (full 1):
 PSYoungGen      total 229888K, used 229480K [0x000000076ab00000, 0x000000077f980000, 0x00000007c0000000)
  eden space 201216K, 100% used [0x000000076ab00000,0x0000000776f80000,0x0000000776f80000)
  from space 28672K, 98% used [0x000000077dd80000,0x000000077f91a280,0x000000077f980000)
  to   space 46592K, 0% used [0x0000000779e80000,0x0000000779e80000,0x000000077cc00000)
 ParOldGen       total 134656K, used 44703K [0x00000006c0000000, 0x00000006c8380000, 0x000000076ab00000)
  object space 134656K, 33% used [0x00000006c0000000,0x00000006c2ba7d60,0x00000006c8380000)
 Metaspace       used 6188K, capacity 7090K, committed 7296K, reserved 1056768K
  class space    used 596K, capacity 618K, committed 640K, reserved 1048576K
Event: 8.155 GC heap after
Heap after GC invocations=8 (full 1):
 PSYoungGen      total 295936K, used 46579K [0x000000076ab00000, 0x0000000783f80000, 0x00000007c0000000)
  eden space 249344K, 0% used [0x000000076ab00000,0x000000076ab00000,0x0000000779e80000)
  from space 46592K, 99% used [0x0000000779e80000,0x000000077cbfce38,0x000000077cc00000)
  to   space 60928K, 0% used [0x0000000780400000,0x0000000780400000,0x0000000783f80000)
 ParOldGen       total 134656K, used 57324K [0x00000006c0000000, 0x00000006c8380000, 0x000000076ab00000)
  object space 134656K, 42% used [0x00000006c0000000,0x00000006c37fb068,0x00000006c8380000)
 Metaspace       used 6188K, capacity 7090K, committed 7296K, reserved 1056768K
  class space    used 596K, capacity 618K, committed 640K, reserved 1048576K
}
Event: 8.808 GC heap before
{Heap before GC invocations=9 (full 1):
 PSYoungGen      total 295936K, used 295923K [0x000000076ab00000, 0x0000000783f80000, 0x00000007c0000000)
  eden space 249344K, 100% used [0x000000076ab00000,0x0000000779e80000,0x0000000779e80000)
  from space 46592K, 99% used [0x0000000779e80000,0x000000077cbfce38,0x000000077cc00000)
  to   space 60928K, 0% used [0x0000000780400000,0x0000000780400000,0x0000000783f80000)
 ParOldGen       total 134656K, used 57324K [0x00000006c0000000, 0x00000006c8380000, 0x000000076ab00000)
  object space 134656K, 42% used [0x00000006c0000000,0x00000006c37fb068,0x00000006c8380000)
 Metaspace       used 6207K, capacity 7090K, committed 7296K, reserved 1056768K
  class space    used 596K, capacity 618K, committed 640K, reserved 1048576K
Event: 8.962 GC heap after
Heap after GC invocations=9 (full 1):
 PSYoungGen      total 310272K, used 60918K [0x000000076ab00000, 0x0000000783f80000, 0x00000007c0000000)
  eden space 249344K, 0% used [0x000000076ab00000,0x000000076ab00000,0x0000000779e80000)
  from space 60928K, 99% used [0x0000000780400000,0x0000000783f7dbd8,0x0000000783f80000)
  to   space 46592K, 0% used [0x0000000779e80000,0x0000000779e80000,0x000000077cc00000)
 ParOldGen       total 134656K, used 92466K [0x00000006c0000000, 0x00000006c8380000, 0x000000076ab00000)
  object space 134656K, 68% used [0x00000006c0000000,0x00000006c5a4c900,0x00000006c8380000)
 Metaspace       used 6207K, capacity 7090K, committed 7296K, reserved 1056768K
  class space    used 596K, capacity 618K, committed 640K, reserved 1048576K
}
Event: 8.962 GC heap before
{Heap before GC invocations=10 (full 2):
 PSYoungGen      total 310272K, used 60918K [0x000000076ab00000, 0x0000000783f80000, 0x00000007c0000000)
  eden space 249344K, 0% used [0x000000076ab00000,0x000000076ab00000,0x0000000779e80000)
  from space 60928K, 99% used [0x0000000780400000,0x0000000783f7dbd8,0x0000000783f80000)
  to   space 46592K, 0% used [0x0000000779e80000,0x0000000779e80000,0x000000077cc00000)
 ParOldGen       total 134656K, used 92466K [0x00000006c0000000, 0x00000006c8380000, 0x000000076ab00000)
  object space 134656K, 68% used [0x00000006c0000000,0x00000006c5a4c900,0x00000006c8380000)
 Metaspace       used 6207K, capacity 7090K, committed 7296K, reserved 1056768K
  class space    used 596K, capacity 618K, committed 640K, reserved 1048576K
Event: 9.479 GC heap after
Heap after GC invocations=10 (full 2):
 PSYoungGen      total 310272K, used 0K [0x000000076ab00000, 0x0000000783f80000, 0x00000007c0000000)
  eden space 249344K, 0% used [0x000000076ab00000,0x000000076ab00000,0x0000000779e80000)
  from space 60928K, 0% used [0x0000000780400000,0x0000000780400000,0x0000000783f80000)
  to   space 46592K, 0% used [0x0000000779e80000,0x0000000779e80000,0x000000077cc00000)
 ParOldGen       total 134656K, used 124454K [0x00000006c0000000, 0x00000006c8380000, 0x000000076ab00000)
  object space 134656K, 92% used [0x00000006c0000000,0x00000006c7989b88,0x00000006c8380000)
 Metaspace       used 6207K, capacity 7090K, committed 7296K, reserved 1056768K
  class space    used 596K, capacity 618K, committed 640K, reserved 1048576K
}
Event: 10.059 GC heap before
{Heap before GC invocations=11 (full 3):
 PSYoungGen      total 310272K, used 249344K [0x000000076ab00000, 0x0000000783f80000, 0x00000007c0000000)
  eden space 249344K, 100% used [0x000000076ab00000,0x0000000779e80000,0x0000000779e80000)
  from space 60928K, 0% used [0x0000000780400000,0x0000000780400000,0x0000000783f80000)
  to   space 46592K, 0% used [0x0000000779e80000,0x0000000779e80000,0x000000077cc00000)
 ParOldGen       total 134656K, used 124454K [0x00000006c0000000, 0x00000006c8380000, 0x000000076ab00000)
  object space 134656K, 92% used [0x00000006c0000000,0x00000006c7989b88,0x00000006c8380000)
 Metaspace       used 6236K, capacity 7154K, committed 7296K, reserved 1056768K
  class space    used 596K, capacity 618K, committed 640K, reserved 1048576K
Event: 10.480 GC heap after
Heap after GC invocations=11 (full 3):
 PSYoungGen      total 310272K, used 1808K [0x000000076ab00000, 0x0000000783f80000, 0x00000007c0000000)
  eden space 249344K, 0% used [0x000000076ab00000,0x000000076acc4308,0x0000000779e80000)
  from space 60928K, 0% used [0x0000000780400000,0x0000000780400000,0x0000000783f80000)
  to   space 46592K, 0% used [0x0000000779e80000,0x0000000779e80000,0x000000077cc00000)
 ParOldGen       total 278528K, used 134554K [0x00000006c0000000, 0x00000006d1000000, 0x000000076ab00000)
  object space 278528K, 48% used [0x00000006c0000000,0x00000006c8366928,0x00000006d1000000)
 Metaspace       used 6236K, capacity 7154K, committed 7296K, reserved 1056768K
  class space    used 596K, capacity 618K, committed 640K, reserved 1048576K
}

