# JRE version: OpenJDK Runtime Environment (8.0_152-b01) (build 1.8.0_152-release-915-b01)
# Java VM: OpenJDK 64-Bit Server VM (25.152-b01 mixed mode windows-amd64 compressed oops)
Heap:
 PSYoungGen      total 847360K, used 451195K [0x000000076ab00000, 0x00000007b1200000, 0x00000007c0000000)
  eden space 625664K, 41% used [0x000000076ab00000,0x000000077a7eda10,0x0000000790e00000)
  from space 221696K, 86% used [0x00000007a3980000,0x00000007af5314f0,0x00000007b1200000)
  to   space 223744K, 0% used [0x0000000790e00000,0x0000000790e00000,0x000000079e880000)
 ParOldGen       total 680448K, used 522416K [0x00000006c0000000, 0x00000006e9880000, 0x000000076ab00000)
  object space 680448K, 76% used [0x00000006c0000000,0x00000006dfe2c348,0x00000006e9880000)
 Metaspace       used 6698K, capacity 7384K, committed 7680K, reserved 1056768K
  class space    used 613K, capacity 656K, committed 768K, reserved 1048576K
GC Heap History (10 events):
Event: 8.058 GC heap before
{Heap before GC invocations=16 (full 3):
 PSYoungGen      total 705024K, used 667223K [0x000000076ab00000, 0x00000007a3e80000, 0x00000007c0000000)
  eden space 575488K, 100% used [0x000000076ab00000,0x000000078dd00000,0x000000078dd00000)
  from space 129536K, 70% used [0x0000000797f00000,0x000000079d895c90,0x000000079fd80000)
  to   space 165888K, 0% used [0x000000078dd00000,0x000000078dd00000,0x0000000797f00000)
 ParOldGen       total 449024K, used 282330K [0x00000006c0000000, 0x00000006db680000, 0x000000076ab00000)
  object space 449024K, 62% used [0x00000006c0000000,0x00000006d13b6b70,0x00000006db680000)
 Metaspace       used 6546K, capacity 7284K, committed 7552K, reserved 1056768K
  class space    used 604K, capacity 620K, committed 640K, reserved 1048576K
Event: 8.180 GC heap after
Heap after GC invocations=16 (full 3):
 PSYoungGen      total 741376K, used 121906K [0x000000076ab00000, 0x00000007a9700000, 0x00000007c0000000)
  eden space 575488K, 0% used [0x000000076ab00000,0x000000076ab00000,0x000000078dd00000)
  from space 165888K, 73% used [0x000000078dd00000,0x000000079540c870,0x0000000797f00000)
  to   space 178688K, 0% used [0x000000079e880000,0x000000079e880000,0x00000007a9700000)
 ParOldGen       total 449024K, used 343383K [0x00000006c0000000, 0x00000006db680000, 0x000000076ab00000)
  object space 449024K, 76% used [0x00000006c0000000,0x00000006d4f55f58,0x00000006db680000)
 Metaspace       used 6546K, capacity 7284K, committed 7552K, reserved 1056768K
  class space    used 604K, capacity 620K, committed 640K, reserved 1048576K
}
Event: 10.275 GC heap before
{Heap before GC invocations=17 (full 3):
 PSYoungGen      total 741376K, used 697394K [0x000000076ab00000, 0x00000007a9700000, 0x00000007c0000000)
  eden space 575488K, 100% used [0x000000076ab00000,0x000000078dd00000,0x000000078dd00000)
  from space 165888K, 73% used [0x000000078dd00000,0x000000079540c870,0x0000000797f00000)
  to   space 178688K, 0% used [0x000000079e880000,0x000000079e880000,0x00000007a9700000)
 ParOldGen       total 449024K, used 343383K [0x00000006c0000000, 0x00000006db680000, 0x000000076ab00000)
  object space 449024K, 76% used [0x00000006c0000000,0x00000006d4f55f58,0x00000006db680000)
 Metaspace       used 6549K, capacity 7284K, committed 7552K, reserved 1056768K
  class space    used 604K, capacity 620K, committed 640K, reserved 1048576K
Event: 10.399 GC heap after
Heap after GC invocations=17 (full 3):
 PSYoungGen      total 804352K, used 178669K [0x000000076ab00000, 0x00000007ae800000, 0x00000007c0000000)
  eden space 625664K, 0% used [0x000000076ab00000,0x000000076ab00000,0x0000000790e00000)
  from space 178688K, 99% used [0x000000079e880000,0x00000007a96fb5e0,0x00000007a9700000)
  to   space 223744K, 0% used [0x0000000790e00000,0x0000000790e00000,0x000000079e880000)
 ParOldGen       total 449024K, used 382108K [0x00000006c0000000, 0x00000006db680000, 0x000000076ab00000)
  object space 449024K, 85% used [0x00000006c0000000,0x00000006d7527280,0x00000006db680000)
 Metaspace       used 6549K, capacity 7284K, committed 7552K, reserved 1056768K
  class space    used 604K, capacity 620K, committed 640K, reserved 1048576K
}
Event: 10.399 GC heap before
{Heap before GC invocations=18 (full 4):
 PSYoungGen      total 804352K, used 178669K [0x000000076ab00000, 0x00000007ae800000, 0x00000007c0000000)
  eden space 625664K, 0% used [0x000000076ab00000,0x000000076ab00000,0x0000000790e00000)
  from space 178688K, 99% used [0x000000079e880000,0x00000007a96fb5e0,0x00000007a9700000)
  to   space 223744K, 0% used [0x0000000790e00000,0x0000000790e00000,0x000000079e880000)
 ParOldGen       total 449024K, used 382108K [0x00000006c0000000, 0x00000006db680000, 0x000000076ab00000)
  object space 449024K, 85% used [0x00000006c0000000,0x00000006d7527280,0x00000006db680000)
 Metaspace       used 6549K, capacity 7284K, committed 7552K, reserved 1056768K
  class space    used 604K, capacity 620K, committed 640K, reserved 1048576K
Event: 11.972 GC heap after
Heap after GC invocations=18 (full 4):
 PSYoungGen      total 804352K, used 107709K [0x000000076ab00000, 0x00000007ae800000, 0x00000007c0000000)
  eden space 625664K, 0% used [0x000000076ab00000,0x000000076ab00000,0x0000000790e00000)
  from space 178688K, 60% used [0x000000079e880000,0x00000007a51af500,0x00000007a9700000)
  to   space 223744K, 0% used [0x0000000790e00000,0x0000000790e00000,0x000000079e880000)
 ParOldGen       total 680448K, used 448583K [0x00000006c0000000, 0x00000006e9880000, 0x000000076ab00000)
  object space 680448K, 65% used [0x00000006c0000000,0x00000006db611cf8,0x00000006e9880000)
 Metaspace       used 6549K, capacity 7284K, committed 7552K, reserved 1056768K
  class space    used 604K, capacity 620K, committed 640K, reserved 1048576K
}
Event: 12.934 GC heap before
{Heap before GC invocations=19 (full 4):
 PSYoungGen      total 804352K, used 733373K [0x000000076ab00000, 0x00000007ae800000, 0x00000007c0000000)
  eden space 625664K, 100% used [0x000000076ab00000,0x0000000790e00000,0x0000000790e00000)
  from space 178688K, 60% used [0x000000079e880000,0x00000007a51af500,0x00000007a9700000)
  to   space 223744K, 0% used [0x0000000790e00000,0x0000000790e00000,0x000000079e880000)
 ParOldGen       total 680448K, used 448583K [0x00000006c0000000, 0x00000006e9880000, 0x000000076ab00000)
  object space 680448K, 65% used [0x00000006c0000000,0x00000006db611cf8,0x00000006e9880000)
 Metaspace       used 6553K, capacity 7284K, committed 7552K, reserved 1056768K
  class space    used 604K, capacity 620K, committed 640K, reserved 1048576K
Event: 13.059 GC heap after
Heap after GC invocations=19 (full 4):
 PSYoungGen      total 849408K, used 112768K [0x000000076ab00000, 0x00000007b1200000, 0x00000007c0000000)
  eden space 625664K, 0% used [0x000000076ab00000,0x000000076ab00000,0x0000000790e00000)
  from space 223744K, 50% used [0x0000000790e00000,0x0000000797c201b8,0x000000079e880000)
  to   space 221696K, 0% used [0x00000007a3980000,0x00000007a3980000,0x00000007b1200000)
 ParOldGen       total 680448K, used 522416K [0x00000006c0000000, 0x00000006e9880000, 0x000000076ab00000)
  object space 680448K, 76% used [0x00000006c0000000,0x00000006dfe2c348,0x00000006e9880000)
 Metaspace       used 6553K, capacity 7284K, committed 7552K, reserved 1056768K
  class space    used 604K, capacity 620K, committed 640K, reserved 1048576K
}
Event: 13.722 GC heap before
{Heap before GC invocations=20 (full 4):
 PSYoungGen      total 849408K, used 738432K [0x000000076ab00000, 0x00000007b1200000, 0x00000007c0000000)
  eden space 625664K, 100% used [0x000000076ab00000,0x0000000790e00000,0x0000000790e00000)
  from space 223744K, 50% used [0x0000000790e00000,0x0000000797c201b8,0x000000079e880000)
  to   space 221696K, 0% used [0x00000007a3980000,0x00000007a3980000,0x00000007b1200000)
 ParOldGen       total 680448K, used 522416K [0x00000006c0000000, 0x00000006e9880000, 0x000000076ab00000)
  object space 680448K, 76% used [0x00000006c0000000,0x00000006dfe2c348,0x00000006e9880000)
 Metaspace       used 6627K, capacity 7352K, committed 7552K, reserved 1056768K
  class space    used 611K, capacity 624K, committed 640K, reserved 1048576K
Event: 13.857 GC heap after
Heap after GC invocations=20 (full 4):
 PSYoungGen      total 847360K, used 192197K [0x000000076ab00000, 0x00000007b1200000, 0x00000007c0000000)
  eden space 625664K, 0% used [0x000000076ab00000,0x000000076ab00000,0x0000000790e00000)
  from space 221696K, 86% used [0x00000007a3980000,0x00000007af5314f0,0x00000007b1200000)
  to   space 223744K, 0% used [0x0000000790e00000,0x0000000790e00000,0x000000079e880000)
 ParOldGen       total 680448K, used 522416K [0x00000006c0000000, 0x00000006e9880000, 0x000000076ab00000)
  object space 680448K, 76% used [0x00000006c0000000,0x00000006dfe2c348,0x00000006e9880000)
 Metaspace       used 6627K, capacity 7352K, committed 7552K, reserved 1056768K
  class space    used 611K, capacity 624K, committed 640K, reserved 1048576K
}

