# JRE version: OpenJDK Runtime Environment (8.0_152-b01) (build 1.8.0_152-release-915-b01)
# Java VM: OpenJDK 64-Bit Server VM (25.152-b01 mixed mode windows-amd64 compressed oops)
Heap:
 PSYoungGen      total 189952K, used 91801K [0x000000076ab00000, 0x0000000779a80000, 0x00000007c0000000)
  eden space 146944K, 41% used [0x000000076ab00000,0x000000076e6be680,0x0000000773a80000)
  from space 43008K, 71% used [0x0000000776580000,0x0000000778368010,0x0000000778f80000)
  to   space 44032K, 0% used [0x0000000773a80000,0x0000000773a80000,0x0000000776580000)
 ParOldGen       total 152064K, used 46772K [0x00000006c0000000, 0x00000006c9480000, 0x000000076ab00000)
  object space 152064K, 30% used [0x00000006c0000000,0x00000006c2dad268,0x00000006c9480000)
 Metaspace       used 6237K, capacity 7154K, committed 7296K, reserved 1056768K
  class space    used 592K, capacity 618K, committed 640K, reserved 1048576K
GC Heap History (10 events):
Event: 8.430 GC heap before
{Heap before GC invocations=6 (full 1):
 PSYoungGen      total 108544K, used 108544K [0x000000076ab00000, 0x0000000773700000, 0x00000007c0000000)
  eden space 103424K, 100% used [0x000000076ab00000,0x0000000771000000,0x0000000771000000)
  from space 5120K, 100% used [0x0000000773200000,0x0000000773700000,0x0000000773700000)
  to   space 5120K, 0% used [0x0000000772d00000,0x0000000772d00000,0x0000000773200000)
 ParOldGen       total 146432K, used 68754K [0x00000006c0000000, 0x00000006c8f00000, 0x000000076ab00000)
  object space 146432K, 46% used [0x00000006c0000000,0x00000006c4324a58,0x00000006c8f00000)
 Metaspace       used 6079K, capacity 7026K, committed 7296K, reserved 1056768K
  class space    used 592K, capacity 618K, committed 640K, reserved 1048576K
Event: 8.721 GC heap after
Heap after GC invocations=6 (full 1):
 PSYoungGen      total 108544K, used 5096K [0x000000076ab00000, 0x0000000773700000, 0x00000007c0000000)
  eden space 103424K, 0% used [0x000000076ab00000,0x000000076ab00000,0x0000000771000000)
  from space 5120K, 99% used [0x0000000772d00000,0x00000007731fa348,0x0000000773200000)
  to   space 5120K, 0% used [0x0000000773200000,0x0000000773200000,0x0000000773700000)
 ParOldGen       total 146432K, used 96016K [0x00000006c0000000, 0x00000006c8f00000, 0x000000076ab00000)
  object space 146432K, 65% used [0x00000006c0000000,0x00000006c5dc4048,0x00000006c8f00000)
 Metaspace       used 6079K, capacity 7026K, committed 7296K, reserved 1056768K
  class space    used 592K, capacity 618K, committed 640K, reserved 1048576K
}
Event: 9.455 GC heap before
{Heap before GC invocations=7 (full 1):
 PSYoungGen      total 108544K, used 108520K [0x000000076ab00000, 0x0000000773700000, 0x00000007c0000000)
  eden space 103424K, 100% used [0x000000076ab00000,0x0000000771000000,0x0000000771000000)
  from space 5120K, 99% used [0x0000000772d00000,0x00000007731fa348,0x0000000773200000)
  to   space 5120K, 0% used [0x0000000773200000,0x0000000773200000,0x0000000773700000)
 ParOldGen       total 146432K, used 96016K [0x00000006c0000000, 0x00000006c8f00000, 0x000000076ab00000)
  object space 146432K, 65% used [0x00000006c0000000,0x00000006c5dc4048,0x00000006c8f00000)
 Metaspace       used 6140K, capacity 7026K, committed 7296K, reserved 1056768K
  class space    used 592K, capacity 618K, committed 640K, reserved 1048576K
Event: 9.868 GC heap after
Heap after GC invocations=7 (full 1):
 PSYoungGen      total 99840K, used 5096K [0x000000076ab00000, 0x0000000779780000, 0x00000007c0000000)
  eden space 94720K, 0% used [0x000000076ab00000,0x000000076ab00000,0x0000000770780000)
  from space 5120K, 99% used [0x0000000773200000,0x00000007736fa348,0x0000000773700000)
  to   space 43520K, 0% used [0x0000000770780000,0x0000000770780000,0x0000000773200000)
 ParOldGen       total 146432K, used 112850K [0x00000006c0000000, 0x00000006c8f00000, 0x000000076ab00000)
  object space 146432K, 77% used [0x00000006c0000000,0x00000006c6e349d8,0x00000006c8f00000)
 Metaspace       used 6140K, capacity 7026K, committed 7296K, reserved 1056768K
  class space    used 592K, capacity 618K, committed 640K, reserved 1048576K
}
Event: 9.868 GC heap before
{Heap before GC invocations=8 (full 2):
 PSYoungGen      total 99840K, used 5096K [0x000000076ab00000, 0x0000000779780000, 0x00000007c0000000)
  eden space 94720K, 0% used [0x000000076ab00000,0x000000076ab00000,0x0000000770780000)
  from space 5120K, 99% used [0x0000000773200000,0x00000007736fa348,0x0000000773700000)
  to   space 43520K, 0% used [0x0000000770780000,0x0000000770780000,0x0000000773200000)
 ParOldGen       total 146432K, used 112850K [0x00000006c0000000, 0x00000006c8f00000, 0x000000076ab00000)
  object space 146432K, 77% used [0x00000006c0000000,0x00000006c6e349d8,0x00000006c8f00000)
 Metaspace       used 6140K, capacity 7026K, committed 7296K, reserved 1056768K
  class space    used 592K, capacity 618K, committed 640K, reserved 1048576K
Event: 10.462 GC heap after
Heap after GC invocations=8 (full 2):
 PSYoungGen      total 99840K, used 0K [0x000000076ab00000, 0x0000000779780000, 0x00000007c0000000)
  eden space 94720K, 0% used [0x000000076ab00000,0x000000076ab00000,0x0000000770780000)
  from space 5120K, 0% used [0x0000000773200000,0x0000000773200000,0x0000000773700000)
  to   space 43520K, 0% used [0x0000000770780000,0x0000000770780000,0x0000000773200000)
 ParOldGen       total 152064K, used 46756K [0x00000006c0000000, 0x00000006c9480000, 0x000000076ab00000)
  object space 152064K, 30% used [0x00000006c0000000,0x00000006c2da9268,0x00000006c9480000)
 Metaspace       used 6140K, capacity 7026K, committed 7296K, reserved 1056768K
  class space    used 592K, capacity 618K, committed 640K, reserved 1048576K
}
Event: 11.054 GC heap before
{Heap before GC invocations=9 (full 2):
 PSYoungGen      total 99840K, used 94720K [0x000000076ab00000, 0x0000000779780000, 0x00000007c0000000)
  eden space 94720K, 100% used [0x000000076ab00000,0x0000000770780000,0x0000000770780000)
  from space 5120K, 0% used [0x0000000773200000,0x0000000773200000,0x0000000773700000)
  to   space 43520K, 0% used [0x0000000770780000,0x0000000770780000,0x0000000773200000)
 ParOldGen       total 152064K, used 46756K [0x00000006c0000000, 0x00000006c9480000, 0x000000076ab00000)
  object space 152064K, 30% used [0x00000006c0000000,0x00000006c2da9268,0x00000006c9480000)
 Metaspace       used 6217K, capacity 7090K, committed 7296K, reserved 1056768K
  class space    used 592K, capacity 618K, committed 640K, reserved 1048576K
Event: 11.103 GC heap after
Heap after GC invocations=9 (full 2):
 PSYoungGen      total 138240K, used 15856K [0x000000076ab00000, 0x0000000778f80000, 0x00000007c0000000)
  eden space 94720K, 0% used [0x000000076ab00000,0x000000076ab00000,0x0000000770780000)
  from space 43520K, 36% used [0x0000000770780000,0x00000007716fc120,0x0000000773200000)
  to   space 43008K, 0% used [0x0000000776580000,0x0000000776580000,0x0000000778f80000)
 ParOldGen       total 152064K, used 46764K [0x00000006c0000000, 0x00000006c9480000, 0x000000076ab00000)
  object space 152064K, 30% used [0x00000006c0000000,0x00000006c2dab268,0x00000006c9480000)
 Metaspace       used 6217K, capacity 7090K, committed 7296K, reserved 1056768K
  class space    used 592K, capacity 618K, committed 640K, reserved 1048576K
}
Event: 11.252 GC heap before
{Heap before GC invocations=10 (full 2):
 PSYoungGen      total 138240K, used 110576K [0x000000076ab00000, 0x0000000778f80000, 0x00000007c0000000)
  eden space 94720K, 100% used [0x000000076ab00000,0x0000000770780000,0x0000000770780000)
  from space 43520K, 36% used [0x0000000770780000,0x00000007716fc120,0x0000000773200000)
  to   space 43008K, 0% used [0x0000000776580000,0x0000000776580000,0x0000000778f80000)
 ParOldGen       total 152064K, used 46764K [0x00000006c0000000, 0x00000006c9480000, 0x000000076ab00000)
  object space 152064K, 30% used [0x00000006c0000000,0x00000006c2dab268,0x00000006c9480000)
 Metaspace       used 6227K, capacity 7090K, committed 7296K, reserved 1056768K
  class space    used 592K, capacity 618K, committed 640K, reserved 1048576K
Event: 11.716 GC heap after
Heap after GC invocations=10 (full 2):
 PSYoungGen      total 189952K, used 30624K [0x000000076ab00000, 0x0000000779a80000, 0x00000007c0000000)
  eden space 146944K, 0% used [0x000000076ab00000,0x000000076ab00000,0x0000000773a80000)
  from space 43008K, 71% used [0x0000000776580000,0x0000000778368010,0x0000000778f80000)
  to   space 44032K, 0% used [0x0000000773a80000,0x0000000773a80000,0x0000000776580000)
 ParOldGen       total 152064K, used 46772K [0x00000006c0000000, 0x00000006c9480000, 0x000000076ab00000)
  object space 152064K, 30% used [0x00000006c0000000,0x00000006c2dad268,0x00000006c9480000)
 Metaspace       used 6227K, capacity 7090K, committed 7296K, reserved 1056768K
  class space    used 592K, capacity 618K, committed 640K, reserved 1048576K
}

